TN:
SF:src/ai.ts
FN:19,hitungAI
FNF:1
FNH:0
FNDA:0,hitungAI
DA:1,1
DA:2,1
DA:3,1
DA:4,1
DA:6,1
DA:10,1
DA:19,1
DA:26,0
DA:43,0
LF:9
LH:7
BRDA:43,0,0,0
BRDA:43,0,1,0
BRDA:43,1,0,0
BRDA:43,1,1,0
BRDA:43,2,0,0
BRDA:43,2,1,0
BRDA:43,3,0,0
BRDA:43,3,1,0
BRDA:43,4,0,0
BRDA:43,4,1,0
BRDA:43,5,0,0
BRDA:43,5,1,0
BRDA:43,6,0,0
BRDA:43,6,1,0
BRDA:43,7,0,0
BRDA:43,7,1,0
BRDA:43,8,0,0
BRDA:43,8,1,0
BRF:18
BRH:0
end_of_record
TN:
SF:src/index.ts
FN:127,(anonymous_0)
FN:127,(anonymous_1)
FN:127,(anonymous_2)
FN:16,hitungnilai
FNF:4
FNH:1
FNDA:0,(anonymous_0)
FNDA:0,(anonymous_1)
FNDA:0,(anonymous_2)
FNDA:3,hitungnilai
DA:1,1
DA:2,1
DA:21,3
DA:22,3
DA:23,3
DA:25,3
DA:26,3
DA:27,15
DA:28,15
DA:29,15
DA:31,15
DA:32,1
DA:35,14
DA:36,14
DA:39,14
DA:40,14
DA:42,14
DA:43,14
DA:46,14
DA:50,14
DA:54,2
DA:57,14
DA:59,14
DA:60,2
DA:61,2
DA:62,2
DA:63,2
DA:66,12
DA:68,2
DA:69,0
DA:70,0
DA:71,0
DA:72,2
DA:73,2
DA:74,2
DA:75,2
DA:77,0
DA:78,0
DA:79,0
DA:82,2
DA:86,10
DA:87,10
DA:88,8
DA:89,8
DA:90,8
DA:92,2
DA:93,2
DA:94,2
DA:96,10
DA:100,0
DA:101,0
DA:102,0
DA:103,0
DA:104,0
DA:108,0
DA:109,0
DA:110,0
DA:111,0
DA:112,0
DA:118,3
DA:127,1
LF:61
LH:45
BRDA:25,0,0,3
BRDA:25,1,0,3
BRDA:25,1,1,3
BRDA:25,1,2,3
BRDA:27,2,0,15
BRDA:28,3,0,15
BRDA:29,4,0,15
BRDA:29,4,1,1
BRDA:29,5,0,0
BRDA:29,5,1,15
BRDA:29,6,0,15
BRDA:29,6,1,15
BRDA:31,7,0,1
BRDA:37,8,0,14
BRDA:37,8,1,0
BRDA:37,9,0,0
BRDA:37,9,1,14
BRDA:37,10,0,14
BRDA:37,10,1,14
BRDA:37,11,0,0
BRDA:37,11,1,14
BRDA:37,12,0,14
BRDA:37,12,1,14
BRDA:40,13,0,14
BRDA:40,13,1,14
BRDA:40,14,0,0
BRDA:40,14,1,14
BRDA:40,15,0,14
BRDA:40,15,1,14
BRDA:50,16,0,2
BRDA:51,17,0,14
BRDA:51,17,1,14
BRDA:51,17,2,2
BRDA:59,18,0,2
BRDA:66,19,0,2
BRDA:66,20,0,12
BRDA:66,20,1,10
BRDA:68,21,0,0
BRDA:68,21,1,2
BRDA:68,22,0,2
BRDA:68,22,1,0
BRDA:72,23,0,2
BRDA:72,23,1,0
BRDA:86,24,0,10
BRDA:87,25,0,8
BRDA:87,25,1,2
BRDA:100,26,0,0
BRDA:100,27,0,0
BRDA:100,27,1,0
BRDA:119,28,0,3
BRDA:119,28,1,0
BRDA:119,29,0,0
BRDA:119,29,1,3
BRDA:119,30,0,3
BRDA:119,30,1,3
BRDA:120,31,0,3
BRDA:120,31,1,0
BRDA:120,32,0,0
BRDA:120,32,1,3
BRDA:120,33,0,3
BRDA:120,33,1,3
BRDA:121,34,0,3
BRDA:121,34,1,0
BRDA:121,35,0,0
BRDA:121,35,1,3
BRDA:121,36,0,3
BRDA:121,36,1,3
BRF:67
BRH:50
end_of_record
TN:
SF:src/uraian.ts
FN:1,extractNumber
FN:11,calculateScore
FNF:2
FNH:1
FNDA:28,extractNumber
FNDA:0,calculateScore
DA:1,1
DA:2,28
DA:3,28
DA:4,28
DA:5,0
DA:7,28
DA:11,1
DA:13,0
DA:15,0
DA:16,0
DA:17,0
DA:18,0
DA:19,0
DA:21,0
DA:24,0
DA:25,0
DA:27,0
DA:28,0
DA:29,0
DA:31,0
DA:33,0
DA:34,0
DA:35,0
DA:36,0
DA:37,0
DA:39,0
DA:40,0
DA:41,0
DA:46,0
DA:48,0
DA:49,0
DA:53,0
LF:32
LH:6
BRDA:4,0,0,0
BRDA:4,0,1,28
BRDA:13,1,0,0
BRDA:18,2,0,0
BRDA:39,3,0,0
BRDA:40,4,0,0
BRDA:48,5,0,0
BRF:7
BRH:1
end_of_record
